find_header: checking for sqlite3.h... -------------------- yes

"/usr/local/opt/gcc46/bin/gcc-4.6 -o conftest -I/Users/alvarocontreras/.rvm/rubies/ruby-1.9.3-p547/include/ruby-1.9.1/x86_64-darwin13.3.0 -I/Users/alvarocontreras/.rvm/rubies/ruby-1.9.3-p547/include/ruby-1.9.1/ruby/backward -I/Users/alvarocontreras/.rvm/rubies/ruby-1.9.3-p547/include/ruby-1.9.1 -I. -D_XOPEN_SOURCE -D_DARWIN_C_SOURCE   -I/usr/local/opt/libyaml/include -I/usr/local/opt/readline/include -I/usr/local/opt/libksba/include -I/usr/local/opt/openssl/include  -O3 -ggdb -Wall -Wextra -Wno-unused-parameter -Wno-parentheses -Wno-long-long -Wno-missing-field-initializers -Wpointer-arith -Wwrite-strings -Wdeclaration-after-statement -Wimplicit-function-declaration  -fno-common -pipe conftest.c  -L. -L/Users/alvarocontreras/.rvm/rubies/ruby-1.9.3-p547/lib -L/usr/local/opt/libyaml/lib -L/usr/local/opt/readline/lib -L/usr/local/opt/libksba/lib -L/usr/local/opt/openssl/lib -L.  -L/usr/local/opt/libyaml/lib -L/usr/local/opt/readline/lib -L/usr/local/opt/libksba/lib -L/usr/local/opt/openssl/lib      -lruby.1.9.1  -lpthread -ldl -lobjc "
checked program was:
/* begin */
1: #include "ruby.h"
2: 
3: int main(int argc, char **argv)
4: {
5:   return 0;
6: }
/* end */

"/usr/local/opt/gcc46/bin/gcc-4.6 -E -I/Users/alvarocontreras/.rvm/rubies/ruby-1.9.3-p547/include/ruby-1.9.1/x86_64-darwin13.3.0 -I/Users/alvarocontreras/.rvm/rubies/ruby-1.9.3-p547/include/ruby-1.9.1/ruby/backward -I/Users/alvarocontreras/.rvm/rubies/ruby-1.9.3-p547/include/ruby-1.9.1 -I. -D_XOPEN_SOURCE -D_DARWIN_C_SOURCE   -I/usr/local/opt/libyaml/include -I/usr/local/opt/readline/include -I/usr/local/opt/libksba/include -I/usr/local/opt/openssl/include  -O3 -ggdb -Wall -Wextra -Wno-unused-parameter -Wno-parentheses -Wno-long-long -Wno-missing-field-initializers -Wpointer-arith -Wwrite-strings -Wdeclaration-after-statement -Wimplicit-function-declaration  -fno-common -pipe  conftest.c -o conftest.i"
checked program was:
/* begin */
1: #include "ruby.h"
2: 
3: #include <sqlite3.h>
/* end */

--------------------

find_library: checking for sqlite3_libversion_number() in -lsqlite3... -------------------- yes

"/usr/local/opt/gcc46/bin/gcc-4.6 -o conftest -I/Users/alvarocontreras/.rvm/rubies/ruby-1.9.3-p547/include/ruby-1.9.1/x86_64-darwin13.3.0 -I/Users/alvarocontreras/.rvm/rubies/ruby-1.9.3-p547/include/ruby-1.9.1/ruby/backward -I/Users/alvarocontreras/.rvm/rubies/ruby-1.9.3-p547/include/ruby-1.9.1 -I. -D_XOPEN_SOURCE -D_DARWIN_C_SOURCE   -I/usr/local/opt/libyaml/include -I/usr/local/opt/readline/include -I/usr/local/opt/libksba/include -I/usr/local/opt/openssl/include  -O3 -ggdb -Wall -Wextra -Wno-unused-parameter -Wno-parentheses -Wno-long-long -Wno-missing-field-initializers -Wpointer-arith -Wwrite-strings -Wdeclaration-after-statement -Wimplicit-function-declaration  -fno-common -pipe conftest.c  -L. -L/Users/alvarocontreras/.rvm/rubies/ruby-1.9.3-p547/lib -L/usr/local/opt/libyaml/lib -L/usr/local/opt/readline/lib -L/usr/local/opt/libksba/lib -L/usr/local/opt/openssl/lib -L.  -L/usr/local/opt/libyaml/lib -L/usr/local/opt/readline/lib -L/usr/local/opt/libksba/lib -L/usr/local/opt/openssl/lib      -lruby.1.9.1 -lsqlite3  -lpthread -ldl -lobjc "
conftest.c: In function 't':
conftest.c:4:53: error: 'sqlite3_libversion_number' undeclared (first use in this function)
conftest.c:4:53: note: each undeclared identifier is reported only once for each function it appears in
conftest.c:4:28: warning: variable 'p' set but not used [-Wunused-but-set-variable]
checked program was:
/* begin */
 1: #include "ruby.h"
 2: 
 3: /*top*/
 4: int t() { void ((*volatile p)()); p = (void ((*)()))sqlite3_libversion_number; return 0; }
 5: int main(int argc, char **argv)
 6: {
 7:   if (argc > 1000000) {
 8:     printf("%p", &t);
 9:   }
10: 
11:   return 0;
12: }
/* end */

"/usr/local/opt/gcc46/bin/gcc-4.6 -o conftest -I/Users/alvarocontreras/.rvm/rubies/ruby-1.9.3-p547/include/ruby-1.9.1/x86_64-darwin13.3.0 -I/Users/alvarocontreras/.rvm/rubies/ruby-1.9.3-p547/include/ruby-1.9.1/ruby/backward -I/Users/alvarocontreras/.rvm/rubies/ruby-1.9.3-p547/include/ruby-1.9.1 -I. -D_XOPEN_SOURCE -D_DARWIN_C_SOURCE   -I/usr/local/opt/libyaml/include -I/usr/local/opt/readline/include -I/usr/local/opt/libksba/include -I/usr/local/opt/openssl/include  -O3 -ggdb -Wall -Wextra -Wno-unused-parameter -Wno-parentheses -Wno-long-long -Wno-missing-field-initializers -Wpointer-arith -Wwrite-strings -Wdeclaration-after-statement -Wimplicit-function-declaration  -fno-common -pipe conftest.c  -L. -L/Users/alvarocontreras/.rvm/rubies/ruby-1.9.3-p547/lib -L/usr/local/opt/libyaml/lib -L/usr/local/opt/readline/lib -L/usr/local/opt/libksba/lib -L/usr/local/opt/openssl/lib -L.  -L/usr/local/opt/libyaml/lib -L/usr/local/opt/readline/lib -L/usr/local/opt/libksba/lib -L/usr/local/opt/openssl/lib      -lruby.1.9.1 -lsqlite3  -lpthread -ldl -lobjc "
conftest.c: In function 't':
conftest.c:4:1: warning: implicit declaration of function 'sqlite3_libversion_number' [-Wimplicit-function-declaration]
checked program was:
/* begin */
 1: #include "ruby.h"
 2: 
 3: /*top*/
 4: int t() { sqlite3_libversion_number(); return 0; }
 5: int main(int argc, char **argv)
 6: {
 7:   if (argc > 1000000) {
 8:     printf("%p", &t);
 9:   }
10: 
11:   return 0;
12: }
/* end */

--------------------

have_func: checking for rb_proc_arity()... -------------------- yes

"/usr/local/opt/gcc46/bin/gcc-4.6 -o conftest -I/Users/alvarocontreras/.rvm/rubies/ruby-1.9.3-p547/include/ruby-1.9.1/x86_64-darwin13.3.0 -I/Users/alvarocontreras/.rvm/rubies/ruby-1.9.3-p547/include/ruby-1.9.1/ruby/backward -I/Users/alvarocontreras/.rvm/rubies/ruby-1.9.3-p547/include/ruby-1.9.1 -I. -D_XOPEN_SOURCE -D_DARWIN_C_SOURCE   -I/usr/local/opt/libyaml/include -I/usr/local/opt/readline/include -I/usr/local/opt/libksba/include -I/usr/local/opt/openssl/include  -O3 -ggdb -Wall -Wextra -Wno-unused-parameter -Wno-parentheses -Wno-long-long -Wno-missing-field-initializers -Wpointer-arith -Wwrite-strings -Wdeclaration-after-statement -Wimplicit-function-declaration  -fno-common -pipe conftest.c  -L. -L/Users/alvarocontreras/.rvm/rubies/ruby-1.9.3-p547/lib -L/usr/local/opt/libyaml/lib -L/usr/local/opt/readline/lib -L/usr/local/opt/libksba/lib -L/usr/local/opt/openssl/lib -L.  -L/usr/local/opt/libyaml/lib -L/usr/local/opt/readline/lib -L/usr/local/opt/libksba/lib -L/usr/local/opt/openssl/lib     -lsqlite3  -lruby.1.9.1 -lsqlite3  -lpthread -ldl -lobjc "
conftest.c: In function 't':
conftest.c:4:28: warning: variable 'p' set but not used [-Wunused-but-set-variable]
checked program was:
/* begin */
 1: #include "ruby.h"
 2: 
 3: /*top*/
 4: int t() { void ((*volatile p)()); p = (void ((*)()))rb_proc_arity; return 0; }
 5: int main(int argc, char **argv)
 6: {
 7:   if (argc > 1000000) {
 8:     printf("%p", &t);
 9:   }
10: 
11:   return 0;
12: }
/* end */

--------------------

have_func: checking for sqlite3_initialize()... -------------------- yes

"/usr/local/opt/gcc46/bin/gcc-4.6 -o conftest -I/Users/alvarocontreras/.rvm/rubies/ruby-1.9.3-p547/include/ruby-1.9.1/x86_64-darwin13.3.0 -I/Users/alvarocontreras/.rvm/rubies/ruby-1.9.3-p547/include/ruby-1.9.1/ruby/backward -I/Users/alvarocontreras/.rvm/rubies/ruby-1.9.3-p547/include/ruby-1.9.1 -I. -D_XOPEN_SOURCE -D_DARWIN_C_SOURCE   -I/usr/local/opt/libyaml/include -I/usr/local/opt/readline/include -I/usr/local/opt/libksba/include -I/usr/local/opt/openssl/include  -O3 -ggdb -Wall -Wextra -Wno-unused-parameter -Wno-parentheses -Wno-long-long -Wno-missing-field-initializers -Wpointer-arith -Wwrite-strings -Wdeclaration-after-statement -Wimplicit-function-declaration  -fno-common -pipe conftest.c  -L. -L/Users/alvarocontreras/.rvm/rubies/ruby-1.9.3-p547/lib -L/usr/local/opt/libyaml/lib -L/usr/local/opt/readline/lib -L/usr/local/opt/libksba/lib -L/usr/local/opt/openssl/lib -L.  -L/usr/local/opt/libyaml/lib -L/usr/local/opt/readline/lib -L/usr/local/opt/libksba/lib -L/usr/local/opt/openssl/lib     -lsqlite3  -lruby.1.9.1 -lsqlite3  -lpthread -ldl -lobjc "
conftest.c: In function 't':
conftest.c:4:53: error: 'sqlite3_initialize' undeclared (first use in this function)
conftest.c:4:53: note: each undeclared identifier is reported only once for each function it appears in
conftest.c:4:28: warning: variable 'p' set but not used [-Wunused-but-set-variable]
checked program was:
/* begin */
 1: #include "ruby.h"
 2: 
 3: /*top*/
 4: int t() { void ((*volatile p)()); p = (void ((*)()))sqlite3_initialize; return 0; }
 5: int main(int argc, char **argv)
 6: {
 7:   if (argc > 1000000) {
 8:     printf("%p", &t);
 9:   }
10: 
11:   return 0;
12: }
/* end */

"/usr/local/opt/gcc46/bin/gcc-4.6 -o conftest -I/Users/alvarocontreras/.rvm/rubies/ruby-1.9.3-p547/include/ruby-1.9.1/x86_64-darwin13.3.0 -I/Users/alvarocontreras/.rvm/rubies/ruby-1.9.3-p547/include/ruby-1.9.1/ruby/backward -I/Users/alvarocontreras/.rvm/rubies/ruby-1.9.3-p547/include/ruby-1.9.1 -I. -D_XOPEN_SOURCE -D_DARWIN_C_SOURCE   -I/usr/local/opt/libyaml/include -I/usr/local/opt/readline/include -I/usr/local/opt/libksba/include -I/usr/local/opt/openssl/include  -O3 -ggdb -Wall -Wextra -Wno-unused-parameter -Wno-parentheses -Wno-long-long -Wno-missing-field-initializers -Wpointer-arith -Wwrite-strings -Wdeclaration-after-statement -Wimplicit-function-declaration  -fno-common -pipe conftest.c  -L. -L/Users/alvarocontreras/.rvm/rubies/ruby-1.9.3-p547/lib -L/usr/local/opt/libyaml/lib -L/usr/local/opt/readline/lib -L/usr/local/opt/libksba/lib -L/usr/local/opt/openssl/lib -L.  -L/usr/local/opt/libyaml/lib -L/usr/local/opt/readline/lib -L/usr/local/opt/libksba/lib -L/usr/local/opt/openssl/lib     -lsqlite3  -lruby.1.9.1 -lsqlite3  -lpthread -ldl -lobjc "
conftest.c: In function 't':
conftest.c:4:1: warning: implicit declaration of function 'sqlite3_initialize' [-Wimplicit-function-declaration]
checked program was:
/* begin */
 1: #include "ruby.h"
 2: 
 3: /*top*/
 4: int t() { sqlite3_initialize(); return 0; }
 5: int main(int argc, char **argv)
 6: {
 7:   if (argc > 1000000) {
 8:     printf("%p", &t);
 9:   }
10: 
11:   return 0;
12: }
/* end */

--------------------

have_func: checking for sqlite3_backup_init()... -------------------- yes

"/usr/local/opt/gcc46/bin/gcc-4.6 -o conftest -I/Users/alvarocontreras/.rvm/rubies/ruby-1.9.3-p547/include/ruby-1.9.1/x86_64-darwin13.3.0 -I/Users/alvarocontreras/.rvm/rubies/ruby-1.9.3-p547/include/ruby-1.9.1/ruby/backward -I/Users/alvarocontreras/.rvm/rubies/ruby-1.9.3-p547/include/ruby-1.9.1 -I. -D_XOPEN_SOURCE -D_DARWIN_C_SOURCE   -I/usr/local/opt/libyaml/include -I/usr/local/opt/readline/include -I/usr/local/opt/libksba/include -I/usr/local/opt/openssl/include  -O3 -ggdb -Wall -Wextra -Wno-unused-parameter -Wno-parentheses -Wno-long-long -Wno-missing-field-initializers -Wpointer-arith -Wwrite-strings -Wdeclaration-after-statement -Wimplicit-function-declaration  -fno-common -pipe conftest.c  -L. -L/Users/alvarocontreras/.rvm/rubies/ruby-1.9.3-p547/lib -L/usr/local/opt/libyaml/lib -L/usr/local/opt/readline/lib -L/usr/local/opt/libksba/lib -L/usr/local/opt/openssl/lib -L.  -L/usr/local/opt/libyaml/lib -L/usr/local/opt/readline/lib -L/usr/local/opt/libksba/lib -L/usr/local/opt/openssl/lib     -lsqlite3  -lruby.1.9.1 -lsqlite3  -lpthread -ldl -lobjc "
conftest.c: In function 't':
conftest.c:4:53: error: 'sqlite3_backup_init' undeclared (first use in this function)
conftest.c:4:53: note: each undeclared identifier is reported only once for each function it appears in
conftest.c:4:28: warning: variable 'p' set but not used [-Wunused-but-set-variable]
checked program was:
/* begin */
 1: #include "ruby.h"
 2: 
 3: /*top*/
 4: int t() { void ((*volatile p)()); p = (void ((*)()))sqlite3_backup_init; return 0; }
 5: int main(int argc, char **argv)
 6: {
 7:   if (argc > 1000000) {
 8:     printf("%p", &t);
 9:   }
10: 
11:   return 0;
12: }
/* end */

"/usr/local/opt/gcc46/bin/gcc-4.6 -o conftest -I/Users/alvarocontreras/.rvm/rubies/ruby-1.9.3-p547/include/ruby-1.9.1/x86_64-darwin13.3.0 -I/Users/alvarocontreras/.rvm/rubies/ruby-1.9.3-p547/include/ruby-1.9.1/ruby/backward -I/Users/alvarocontreras/.rvm/rubies/ruby-1.9.3-p547/include/ruby-1.9.1 -I. -D_XOPEN_SOURCE -D_DARWIN_C_SOURCE   -I/usr/local/opt/libyaml/include -I/usr/local/opt/readline/include -I/usr/local/opt/libksba/include -I/usr/local/opt/openssl/include  -O3 -ggdb -Wall -Wextra -Wno-unused-parameter -Wno-parentheses -Wno-long-long -Wno-missing-field-initializers -Wpointer-arith -Wwrite-strings -Wdeclaration-after-statement -Wimplicit-function-declaration  -fno-common -pipe conftest.c  -L. -L/Users/alvarocontreras/.rvm/rubies/ruby-1.9.3-p547/lib -L/usr/local/opt/libyaml/lib -L/usr/local/opt/readline/lib -L/usr/local/opt/libksba/lib -L/usr/local/opt/openssl/lib -L.  -L/usr/local/opt/libyaml/lib -L/usr/local/opt/readline/lib -L/usr/local/opt/libksba/lib -L/usr/local/opt/openssl/lib     -lsqlite3  -lruby.1.9.1 -lsqlite3  -lpthread -ldl -lobjc "
conftest.c: In function 't':
conftest.c:4:1: warning: implicit declaration of function 'sqlite3_backup_init' [-Wimplicit-function-declaration]
checked program was:
/* begin */
 1: #include "ruby.h"
 2: 
 3: /*top*/
 4: int t() { sqlite3_backup_init(); return 0; }
 5: int main(int argc, char **argv)
 6: {
 7:   if (argc > 1000000) {
 8:     printf("%p", &t);
 9:   }
10: 
11:   return 0;
12: }
/* end */

--------------------

have_func: checking for sqlite3_column_database_name()... -------------------- no

"/usr/local/opt/gcc46/bin/gcc-4.6 -o conftest -I/Users/alvarocontreras/.rvm/rubies/ruby-1.9.3-p547/include/ruby-1.9.1/x86_64-darwin13.3.0 -I/Users/alvarocontreras/.rvm/rubies/ruby-1.9.3-p547/include/ruby-1.9.1/ruby/backward -I/Users/alvarocontreras/.rvm/rubies/ruby-1.9.3-p547/include/ruby-1.9.1 -I. -D_XOPEN_SOURCE -D_DARWIN_C_SOURCE   -I/usr/local/opt/libyaml/include -I/usr/local/opt/readline/include -I/usr/local/opt/libksba/include -I/usr/local/opt/openssl/include  -O3 -ggdb -Wall -Wextra -Wno-unused-parameter -Wno-parentheses -Wno-long-long -Wno-missing-field-initializers -Wpointer-arith -Wwrite-strings -Wdeclaration-after-statement -Wimplicit-function-declaration  -fno-common -pipe conftest.c  -L. -L/Users/alvarocontreras/.rvm/rubies/ruby-1.9.3-p547/lib -L/usr/local/opt/libyaml/lib -L/usr/local/opt/readline/lib -L/usr/local/opt/libksba/lib -L/usr/local/opt/openssl/lib -L.  -L/usr/local/opt/libyaml/lib -L/usr/local/opt/readline/lib -L/usr/local/opt/libksba/lib -L/usr/local/opt/openssl/lib     -lsqlite3  -lruby.1.9.1 -lsqlite3  -lpthread -ldl -lobjc "
conftest.c: In function 't':
conftest.c:4:53: error: 'sqlite3_column_database_name' undeclared (first use in this function)
conftest.c:4:53: note: each undeclared identifier is reported only once for each function it appears in
conftest.c:4:28: warning: variable 'p' set but not used [-Wunused-but-set-variable]
checked program was:
/* begin */
 1: #include "ruby.h"
 2: 
 3: /*top*/
 4: int t() { void ((*volatile p)()); p = (void ((*)()))sqlite3_column_database_name; return 0; }
 5: int main(int argc, char **argv)
 6: {
 7:   if (argc > 1000000) {
 8:     printf("%p", &t);
 9:   }
10: 
11:   return 0;
12: }
/* end */

"/usr/local/opt/gcc46/bin/gcc-4.6 -o conftest -I/Users/alvarocontreras/.rvm/rubies/ruby-1.9.3-p547/include/ruby-1.9.1/x86_64-darwin13.3.0 -I/Users/alvarocontreras/.rvm/rubies/ruby-1.9.3-p547/include/ruby-1.9.1/ruby/backward -I/Users/alvarocontreras/.rvm/rubies/ruby-1.9.3-p547/include/ruby-1.9.1 -I. -D_XOPEN_SOURCE -D_DARWIN_C_SOURCE   -I/usr/local/opt/libyaml/include -I/usr/local/opt/readline/include -I/usr/local/opt/libksba/include -I/usr/local/opt/openssl/include  -O3 -ggdb -Wall -Wextra -Wno-unused-parameter -Wno-parentheses -Wno-long-long -Wno-missing-field-initializers -Wpointer-arith -Wwrite-strings -Wdeclaration-after-statement -Wimplicit-function-declaration  -fno-common -pipe conftest.c  -L. -L/Users/alvarocontreras/.rvm/rubies/ruby-1.9.3-p547/lib -L/usr/local/opt/libyaml/lib -L/usr/local/opt/readline/lib -L/usr/local/opt/libksba/lib -L/usr/local/opt/openssl/lib -L.  -L/usr/local/opt/libyaml/lib -L/usr/local/opt/readline/lib -L/usr/local/opt/libksba/lib -L/usr/local/opt/openssl/lib     -lsqlite3  -lruby.1.9.1 -lsqlite3  -lpthread -ldl -lobjc "
conftest.c: In function 't':
conftest.c:4:1: warning: implicit declaration of function 'sqlite3_column_database_name' [-Wimplicit-function-declaration]
Undefined symbols for architecture x86_64:
  "_sqlite3_column_database_name", referenced from:
      _t in ccrwXCHr.o
ld: symbol(s) not found for architecture x86_64
collect2: ld returned 1 exit status
checked program was:
/* begin */
 1: #include "ruby.h"
 2: 
 3: /*top*/
 4: int t() { sqlite3_column_database_name(); return 0; }
 5: int main(int argc, char **argv)
 6: {
 7:   if (argc > 1000000) {
 8:     printf("%p", &t);
 9:   }
10: 
11:   return 0;
12: }
/* end */

--------------------

have_func: checking for sqlite3_enable_load_extension()... -------------------- no

"/usr/local/opt/gcc46/bin/gcc-4.6 -o conftest -I/Users/alvarocontreras/.rvm/rubies/ruby-1.9.3-p547/include/ruby-1.9.1/x86_64-darwin13.3.0 -I/Users/alvarocontreras/.rvm/rubies/ruby-1.9.3-p547/include/ruby-1.9.1/ruby/backward -I/Users/alvarocontreras/.rvm/rubies/ruby-1.9.3-p547/include/ruby-1.9.1 -I. -D_XOPEN_SOURCE -D_DARWIN_C_SOURCE   -I/usr/local/opt/libyaml/include -I/usr/local/opt/readline/include -I/usr/local/opt/libksba/include -I/usr/local/opt/openssl/include  -O3 -ggdb -Wall -Wextra -Wno-unused-parameter -Wno-parentheses -Wno-long-long -Wno-missing-field-initializers -Wpointer-arith -Wwrite-strings -Wdeclaration-after-statement -Wimplicit-function-declaration  -fno-common -pipe conftest.c  -L. -L/Users/alvarocontreras/.rvm/rubies/ruby-1.9.3-p547/lib -L/usr/local/opt/libyaml/lib -L/usr/local/opt/readline/lib -L/usr/local/opt/libksba/lib -L/usr/local/opt/openssl/lib -L.  -L/usr/local/opt/libyaml/lib -L/usr/local/opt/readline/lib -L/usr/local/opt/libksba/lib -L/usr/local/opt/openssl/lib     -lsqlite3  -lruby.1.9.1 -lsqlite3  -lpthread -ldl -lobjc "
conftest.c: In function 't':
conftest.c:4:53: error: 'sqlite3_enable_load_extension' undeclared (first use in this function)
conftest.c:4:53: note: each undeclared identifier is reported only once for each function it appears in
conftest.c:4:28: warning: variable 'p' set but not used [-Wunused-but-set-variable]
checked program was:
/* begin */
 1: #include "ruby.h"
 2: 
 3: /*top*/
 4: int t() { void ((*volatile p)()); p = (void ((*)()))sqlite3_enable_load_extension; return 0; }
 5: int main(int argc, char **argv)
 6: {
 7:   if (argc > 1000000) {
 8:     printf("%p", &t);
 9:   }
10: 
11:   return 0;
12: }
/* end */

"/usr/local/opt/gcc46/bin/gcc-4.6 -o conftest -I/Users/alvarocontreras/.rvm/rubies/ruby-1.9.3-p547/include/ruby-1.9.1/x86_64-darwin13.3.0 -I/Users/alvarocontreras/.rvm/rubies/ruby-1.9.3-p547/include/ruby-1.9.1/ruby/backward -I/Users/alvarocontreras/.rvm/rubies/ruby-1.9.3-p547/include/ruby-1.9.1 -I. -D_XOPEN_SOURCE -D_DARWIN_C_SOURCE   -I/usr/local/opt/libyaml/include -I/usr/local/opt/readline/include -I/usr/local/opt/libksba/include -I/usr/local/opt/openssl/include  -O3 -ggdb -Wall -Wextra -Wno-unused-parameter -Wno-parentheses -Wno-long-long -Wno-missing-field-initializers -Wpointer-arith -Wwrite-strings -Wdeclaration-after-statement -Wimplicit-function-declaration  -fno-common -pipe conftest.c  -L. -L/Users/alvarocontreras/.rvm/rubies/ruby-1.9.3-p547/lib -L/usr/local/opt/libyaml/lib -L/usr/local/opt/readline/lib -L/usr/local/opt/libksba/lib -L/usr/local/opt/openssl/lib -L.  -L/usr/local/opt/libyaml/lib -L/usr/local/opt/readline/lib -L/usr/local/opt/libksba/lib -L/usr/local/opt/openssl/lib     -lsqlite3  -lruby.1.9.1 -lsqlite3  -lpthread -ldl -lobjc "
conftest.c: In function 't':
conftest.c:4:1: warning: implicit declaration of function 'sqlite3_enable_load_extension' [-Wimplicit-function-declaration]
Undefined symbols for architecture x86_64:
  "_sqlite3_enable_load_extension", referenced from:
      _t in ccgNKpzr.o
ld: symbol(s) not found for architecture x86_64
collect2: ld returned 1 exit status
checked program was:
/* begin */
 1: #include "ruby.h"
 2: 
 3: /*top*/
 4: int t() { sqlite3_enable_load_extension(); return 0; }
 5: int main(int argc, char **argv)
 6: {
 7:   if (argc > 1000000) {
 8:     printf("%p", &t);
 9:   }
10: 
11:   return 0;
12: }
/* end */

--------------------

have_func: checking for sqlite3_load_extension()... -------------------- no

"/usr/local/opt/gcc46/bin/gcc-4.6 -o conftest -I/Users/alvarocontreras/.rvm/rubies/ruby-1.9.3-p547/include/ruby-1.9.1/x86_64-darwin13.3.0 -I/Users/alvarocontreras/.rvm/rubies/ruby-1.9.3-p547/include/ruby-1.9.1/ruby/backward -I/Users/alvarocontreras/.rvm/rubies/ruby-1.9.3-p547/include/ruby-1.9.1 -I. -D_XOPEN_SOURCE -D_DARWIN_C_SOURCE   -I/usr/local/opt/libyaml/include -I/usr/local/opt/readline/include -I/usr/local/opt/libksba/include -I/usr/local/opt/openssl/include  -O3 -ggdb -Wall -Wextra -Wno-unused-parameter -Wno-parentheses -Wno-long-long -Wno-missing-field-initializers -Wpointer-arith -Wwrite-strings -Wdeclaration-after-statement -Wimplicit-function-declaration  -fno-common -pipe conftest.c  -L. -L/Users/alvarocontreras/.rvm/rubies/ruby-1.9.3-p547/lib -L/usr/local/opt/libyaml/lib -L/usr/local/opt/readline/lib -L/usr/local/opt/libksba/lib -L/usr/local/opt/openssl/lib -L.  -L/usr/local/opt/libyaml/lib -L/usr/local/opt/readline/lib -L/usr/local/opt/libksba/lib -L/usr/local/opt/openssl/lib     -lsqlite3  -lruby.1.9.1 -lsqlite3  -lpthread -ldl -lobjc "
conftest.c: In function 't':
conftest.c:4:53: error: 'sqlite3_load_extension' undeclared (first use in this function)
conftest.c:4:53: note: each undeclared identifier is reported only once for each function it appears in
conftest.c:4:28: warning: variable 'p' set but not used [-Wunused-but-set-variable]
checked program was:
/* begin */
 1: #include "ruby.h"
 2: 
 3: /*top*/
 4: int t() { void ((*volatile p)()); p = (void ((*)()))sqlite3_load_extension; return 0; }
 5: int main(int argc, char **argv)
 6: {
 7:   if (argc > 1000000) {
 8:     printf("%p", &t);
 9:   }
10: 
11:   return 0;
12: }
/* end */

"/usr/local/opt/gcc46/bin/gcc-4.6 -o conftest -I/Users/alvarocontreras/.rvm/rubies/ruby-1.9.3-p547/include/ruby-1.9.1/x86_64-darwin13.3.0 -I/Users/alvarocontreras/.rvm/rubies/ruby-1.9.3-p547/include/ruby-1.9.1/ruby/backward -I/Users/alvarocontreras/.rvm/rubies/ruby-1.9.3-p547/include/ruby-1.9.1 -I. -D_XOPEN_SOURCE -D_DARWIN_C_SOURCE   -I/usr/local/opt/libyaml/include -I/usr/local/opt/readline/include -I/usr/local/opt/libksba/include -I/usr/local/opt/openssl/include  -O3 -ggdb -Wall -Wextra -Wno-unused-parameter -Wno-parentheses -Wno-long-long -Wno-missing-field-initializers -Wpointer-arith -Wwrite-strings -Wdeclaration-after-statement -Wimplicit-function-declaration  -fno-common -pipe conftest.c  -L. -L/Users/alvarocontreras/.rvm/rubies/ruby-1.9.3-p547/lib -L/usr/local/opt/libyaml/lib -L/usr/local/opt/readline/lib -L/usr/local/opt/libksba/lib -L/usr/local/opt/openssl/lib -L.  -L/usr/local/opt/libyaml/lib -L/usr/local/opt/readline/lib -L/usr/local/opt/libksba/lib -L/usr/local/opt/openssl/lib     -lsqlite3  -lruby.1.9.1 -lsqlite3  -lpthread -ldl -lobjc "
conftest.c: In function 't':
conftest.c:4:1: warning: implicit declaration of function 'sqlite3_load_extension' [-Wimplicit-function-declaration]
Undefined symbols for architecture x86_64:
  "_sqlite3_load_extension", referenced from:
      _t in cczQ6wNN.o
ld: symbol(s) not found for architecture x86_64
collect2: ld returned 1 exit status
checked program was:
/* begin */
 1: #include "ruby.h"
 2: 
 3: /*top*/
 4: int t() { sqlite3_load_extension(); return 0; }
 5: int main(int argc, char **argv)
 6: {
 7:   if (argc > 1000000) {
 8:     printf("%p", &t);
 9:   }
10: 
11:   return 0;
12: }
/* end */

--------------------

